<?xml version="1.0" encoding="UTF-8"?>
<robot generator="Robot 7.3.2 (Python 3.13.5 on darwin)" generated="2025-08-10T16:53:25.489334" rpa="false" schemaversion="5">
<suite id="s1" name="Demoblazer" source="/Users/admin/PycharmProjects/demoblazer">
<suite id="s1-s1" name="Test" source="/Users/admin/PycharmProjects/demoblazer/Test">
<suite id="s1-s1-s1" name="iFrame" source="/Users/admin/PycharmProjects/demoblazer/Test/iFrame.robot">
<test id="s1-s1-s1-t1" name="Demo IFrame Long Nhau" line="24">
<kw name="Set Selenium Speed" owner="SeleniumLibrary" type="SETUP">
<arg>1s</arg>
<doc>Sets the delay that is waited after each Selenium command.</doc>
<status status="PASS" start="2025-08-10T16:53:25.706816" elapsed="0.000314"/>
</kw>
<kw name="Open Browser" owner="SeleniumLibrary">
<msg time="2025-08-10T16:53:25.707869" level="INFO">Opening browser 'Chrome' to base url 'https://demo.automationtesting.in/Frames.html'.</msg>
<arg>${url_frame}</arg>
<arg>${browser}</arg>
<doc>Opens a new browser instance to the optional ``url``.</doc>
<status status="PASS" start="2025-08-10T16:53:25.707524" elapsed="4.691516"/>
</kw>
<kw name="Maximize Browser Window" owner="SeleniumLibrary">
<doc>Maximizes current browser window.</doc>
<status status="PASS" start="2025-08-10T16:53:30.400035" elapsed="1.535470"/>
</kw>
<kw name="Click Element" owner="SeleniumLibrary">
<msg time="2025-08-10T16:53:31.936845" level="INFO">Clicking element 'xpath=//a[text()='Iframe with in an Iframe']'.</msg>
<arg>xpath=//a[text()='Iframe with in an Iframe']</arg>
<doc>Click the element identified by ``locator``.</doc>
<status status="PASS" start="2025-08-10T16:53:31.935969" elapsed="2.092528"/>
</kw>
<kw name="Select Frame" owner="SeleniumLibrary">
<msg time="2025-08-10T16:53:34.029823" level="INFO">Selecting frame 'xpath=//iframe[@src='MultipleFrames.html']'.</msg>
<arg>xpath=//iframe[@src='MultipleFrames.html']</arg>
<doc>Sets frame identified by ``locator`` as the current frame.</doc>
<status status="PASS" start="2025-08-10T16:53:34.029181" elapsed="2.045098"/>
</kw>
<kw name="Select Frame" owner="SeleniumLibrary">
<msg time="2025-08-10T16:53:36.075585" level="INFO">Selecting frame 'xpath=//iframe[@src='SingleFrame.html']'.</msg>
<arg>xpath=//iframe[@src='SingleFrame.html']</arg>
<doc>Sets frame identified by ``locator`` as the current frame.</doc>
<status status="PASS" start="2025-08-10T16:53:36.074980" elapsed="2.038758"/>
</kw>
<kw name="Input Text" owner="SeleniumLibrary">
<msg time="2025-08-10T16:53:38.115171" level="INFO">Typing text 'Hello Frame' into text field 'xpath=//input[@type='text']'.</msg>
<arg>xpath=//input[@type='text']</arg>
<arg>Hello Frame</arg>
<doc>Types the given ``text`` into the text field identified by ``locator``.</doc>
<status status="PASS" start="2025-08-10T16:53:38.114551" elapsed="3.234146"/>
</kw>
<kw name="Get Value" owner="SeleniumLibrary">
<msg time="2025-08-10T16:53:43.386073" level="INFO">${value} = Hello Frame</msg>
<var>${value}</var>
<arg>xpath=//input[@type='text']</arg>
<doc>Returns the value attribute of the element identified by ``locator``.</doc>
<status status="PASS" start="2025-08-10T16:53:41.349476" elapsed="2.036752"/>
</kw>
<kw name="Should Be Equal" owner="BuiltIn">
<arg>${value}</arg>
<arg>Hello Frame</arg>
<doc>Fails if the given objects are unequal.</doc>
<status status="PASS" start="2025-08-10T16:53:43.386920" elapsed="0.000802"/>
</kw>
<kw name="Unselect Frame" owner="SeleniumLibrary">
<doc>Sets the main frame as the current frame.</doc>
<status status="PASS" start="2025-08-10T16:53:43.388559" elapsed="1.006467"/>
</kw>
<kw name="Unselect Frame" owner="SeleniumLibrary">
<doc>Sets the main frame as the current frame.</doc>
<status status="PASS" start="2025-08-10T16:53:44.395713" elapsed="1.004710"/>
</kw>
<kw name="Wait Until Page Contains" owner="SeleniumLibrary">
<arg>Single Iframe</arg>
<doc>Waits until ``text`` appears on the current page.</doc>
<status status="PASS" start="2025-08-10T16:53:45.401165" elapsed="1.021015"/>
</kw>
<kw name="Close Browser" owner="SeleniumLibrary">
<doc>Closes the current browser.</doc>
<status status="PASS" start="2025-08-10T16:53:46.423030" elapsed="1.148926"/>
</kw>
<status status="PASS" start="2025-08-10T16:53:25.705691" elapsed="21.866671"/>
</test>
<status status="PASS" start="2025-08-10T16:53:25.524842" elapsed="22.048382"/>
</suite>
<status status="PASS" start="2025-08-10T16:53:25.523580" elapsed="22.050442"/>
</suite>
<status status="PASS" start="2025-08-10T16:53:25.490529" elapsed="22.084102"/>
</suite>
<statistics>
<total>
<stat pass="1" fail="0" skip="0">All Tests</stat>
</total>
<tag>
</tag>
<suite>
<stat name="Demoblazer" id="s1" pass="1" fail="0" skip="0">Demoblazer</stat>
<stat name="Test" id="s1-s1" pass="1" fail="0" skip="0">Demoblazer.Test</stat>
<stat name="iFrame" id="s1-s1-s1" pass="1" fail="0" skip="0">Demoblazer.Test.iFrame</stat>
</suite>
</statistics>
<errors>
</errors>
</robot>
