<?xml version="1.0" encoding="UTF-8"?>
<robot generator="Robot 7.3.2 (Python 3.13.5 on darwin)" generated="2025-08-06T22:05:53.467725" rpa="false" schemaversion="5">
<suite id="s1" name="Dropdown" source="/Users/admin/PycharmProjects/demoblazer/Test/Dropdown.robot">
<test id="s1-t1" name="Dropdown" line="9">
<kw name="Open Browser" owner="SeleniumLibrary">
<msg time="2025-08-06T22:05:53.764368" level="INFO">Opening browser 'chrome' to base url 'https://automationtesting.co.uk/dropdown.html'.</msg>
<arg>${url}</arg>
<arg>${browser}</arg>
<doc>Opens a new browser instance to the optional ``url``.</doc>
<status status="PASS" start="2025-08-06T22:05:53.764033" elapsed="4.249802"/>
</kw>
<kw name="Maximize Browser Window" owner="SeleniumLibrary">
<doc>Maximizes current browser window.</doc>
<status status="PASS" start="2025-08-06T22:05:58.014916" elapsed="0.371523"/>
</kw>
<kw name="Select From List By Label" owner="SeleniumLibrary">
<msg time="2025-08-06T22:05:58.387530" level="INFO">Selecting options from selection list 'id=cars' by label Suzuki.</msg>
<arg>id=cars</arg>
<arg>Suzuki</arg>
<doc>Selects options from selection list ``locator`` by ``labels``.</doc>
<status status="PASS" start="2025-08-06T22:05:58.386868" elapsed="0.092419"/>
</kw>
<kw name="Sleep" owner="BuiltIn">
<msg time="2025-08-06T22:06:03.481737" level="INFO">Slept 5 seconds.</msg>
<arg>5s</arg>
<doc>Pauses the test executed for the given time.</doc>
<status status="PASS" start="2025-08-06T22:05:58.479768" elapsed="5.002165"/>
</kw>
<kw name="Select From List By Value" owner="SeleniumLibrary">
<msg time="2025-08-06T22:06:03.482689" level="INFO">Selecting options from selection list 'id=cars' by value bmw.</msg>
<arg>id=cars</arg>
<arg>bmw</arg>
<doc>Selects options from selection list ``locator`` by ``values``.</doc>
<status status="PASS" start="2025-08-06T22:06:03.482304" elapsed="0.044367"/>
</kw>
<kw name="Sleep" owner="BuiltIn">
<msg time="2025-08-06T22:06:08.527702" level="INFO">Slept 5 seconds.</msg>
<arg>5s</arg>
<doc>Pauses the test executed for the given time.</doc>
<status status="PASS" start="2025-08-06T22:06:03.526998" elapsed="5.000959"/>
</kw>
<kw name="Select From List By Index" owner="SeleniumLibrary">
<msg time="2025-08-06T22:06:08.528820" level="INFO">Selecting options from selection list 'id=cars' by index 5.</msg>
<arg>id=cars</arg>
<arg>5</arg>
<doc>Selects options from selection list ``locator`` by ``indexes``.</doc>
<status status="PASS" start="2025-08-06T22:06:08.528394" elapsed="0.068345"/>
</kw>
<kw name="Sleep" owner="BuiltIn">
<msg time="2025-08-06T22:06:13.597470" level="INFO">Slept 5 seconds.</msg>
<arg>5s</arg>
<doc>Pauses the test executed for the given time.</doc>
<status status="PASS" start="2025-08-06T22:06:08.597011" elapsed="5.000756"/>
</kw>
<kw name="Get Selected List Label" owner="SeleniumLibrary">
<msg time="2025-08-06T22:06:13.661954" level="INFO">${selected} = Mercedes</msg>
<var>${selected}</var>
<arg>id=cars</arg>
<doc>Returns the label of selected option from selection list ``locator``.</doc>
<status status="PASS" start="2025-08-06T22:06:13.598451" elapsed="0.063552"/>
</kw>
<kw name="Should Be Equal As Strings" owner="BuiltIn">
<msg time="2025-08-06T22:06:13.662661" level="FAIL">Mercedes != Suzuki</msg>
<arg>${selected}</arg>
<arg>Suzuki</arg>
<doc>Fails if objects are unequal after converting them to strings.</doc>
<status status="FAIL" start="2025-08-06T22:06:13.662269" elapsed="0.000609">Mercedes != Suzuki</status>
</kw>
<kw name="Close Browser" owner="SeleniumLibrary">
<doc>Closes the current browser.</doc>
<status status="NOT RUN" start="2025-08-06T22:06:13.663089" elapsed="0.000038"/>
</kw>
<status status="FAIL" start="2025-08-06T22:05:53.763029" elapsed="19.900362">Mercedes != Suzuki</status>
</test>
<status status="FAIL" start="2025-08-06T22:05:53.470288" elapsed="20.193696"/>
</suite>
<statistics>
<total>
<stat pass="0" fail="1" skip="0">All Tests</stat>
</total>
<tag>
</tag>
<suite>
<stat name="Dropdown" id="s1" pass="0" fail="1" skip="0">Dropdown</stat>
</suite>
</statistics>
<errors>
</errors>
</robot>
